<?xml version="1.0" encoding="UTF-8"?>
<!-- Generated by org.testng.reporters.JUnitReportReporter -->
<testsuite hostname="LAPTOP-OP0RTV2C" failures="0" tests="4" name="projectTestCases.CategoriesTC" time="32.427" errors="0" timestamp="2024-06-23T00:14:47 IST" skipped="0">
  <testcase classname="projectTestCases.CategoriesTC" name="excel" time="2.801"/>
  <testcase classname="projectTestCases.CategoriesTC" name="CategoryAdd" time="19.116"/>
  <testcase classname="projectTestCases.CategoriesTC" name="categoriesSearch" time="6.199"/>
  <testcase classname="projectTestCases.CategoriesTC" name="deletecategoriesDetails" time="4.311"/>
</testsuite> <!-- projectTestCases.CategoriesTC -->
