<?xml version="1.0" encoding="UTF-8"?>
<!-- Generated by org.testng.reporters.JUnitReportReporter -->
<testsuite hostname="LAPTOP-OP0RTV2C" failures="0" tests="4" name="projectTestCases.UnitTC" time="29.876" errors="0" timestamp="2024-06-23T00:38:26 IST" skipped="0">
  <testcase classname="projectTestCases.UnitTC" name="Unitexcel" time="4.740"/>
  <testcase classname="projectTestCases.UnitTC" name="UnitAdd" time="14.581"/>
  <testcase classname="projectTestCases.UnitTC" name="SearchUnit" time="6.275"/>
  <testcase classname="projectTestCases.UnitTC" name="deleteunit" time="4.280"/>
</testsuite> <!-- projectTestCases.UnitTC -->
