<?xml version="1.0" encoding="UTF-8"?>
<!-- Generated by org.testng.reporters.JUnitReportReporter -->
<testsuite hostname="LAPTOP-OP0RTV2C" failures="0" tests="2" name="projectTestCases.AddProducts" time="37.492" errors="0" timestamp="2024-06-23T00:14:47 IST" skipped="0">
  <testcase classname="projectTestCases.AddProducts" name="Addproexcel" time="3.328"/>
  <testcase classname="projectTestCases.AddProducts" name="AddProductrun" time="34.164"/>
</testsuite> <!-- projectTestCases.AddProducts -->
