<?xml version="1.0" encoding="UTF-8"?>
<!-- Generated by org.testng.reporters.JUnitReportReporter -->
<testsuite hostname="LAPTOP-OP0RTV2C" failures="0" tests="4" name="sequential.UnitTC" time="65.496" errors="0" timestamp="2024-06-23T00:20:42 IST" skipped="0">
  <testcase classname="sequential.UnitTC" name="Unitexcel" time="39.604"/>
  <testcase classname="sequential.UnitTC" name="UnitAdd" time="15.051"/>
  <testcase classname="sequential.UnitTC" name="SearchUnit" time="6.403"/>
  <testcase classname="sequential.UnitTC" name="deleteunit" time="4.438"/>
</testsuite> <!-- sequential.UnitTC -->
