<?xml version="1.0" encoding="UTF-8"?>
<!-- Generated by org.testng.reporters.JUnitReportReporter -->
<testsuite hostname="LAPTOP-OP0RTV2C" failures="0" tests="4" name="crossBrowserTC.UnitTC" time="27.723" errors="0" timestamp="2024-06-23T17:26:36 IST" skipped="0">
  <testcase classname="crossBrowserTC.UnitTC" name="Unitexcel" time="3.092"/>
  <testcase classname="crossBrowserTC.UnitTC" name="UnitAdd" time="14.320"/>
  <testcase classname="crossBrowserTC.UnitTC" name="SearchUnit" time="6.466"/>
  <testcase classname="crossBrowserTC.UnitTC" name="deleteunit" time="3.845"/>
</testsuite> <!-- crossBrowserTC.UnitTC -->
