<?xml version="1.0" encoding="UTF-8"?>
<!-- Generated by org.testng.reporters.JUnitReportReporter -->
<testsuite hostname="LAPTOP-OP0RTV2C" failures="0" tests="4" name="sequential.UnitTC" time="68.082" errors="0" timestamp="2024-06-24T20:23:15 IST" skipped="0">
  <testcase classname="sequential.UnitTC" name="Unitexcel" time="42.013"/>
  <testcase classname="sequential.UnitTC" name="UnitAdd" time="15.350"/>
  <testcase classname="sequential.UnitTC" name="SearchUnit" time="6.369"/>
  <testcase classname="sequential.UnitTC" name="deleteunit" time="4.350"/>
</testsuite> <!-- sequential.UnitTC -->
