<?xml version="1.0" encoding="UTF-8"?>
<!-- Generated by org.testng.reporters.JUnitReportReporter -->
<testsuite hostname="LAPTOP-OP0RTV2C" failures="0" tests="4" name="sequential.UnitTC" time="0.001" errors="0" timestamp="2024-06-26T18:14:18 IST" skipped="4">
  <testcase classname="sequential.UnitTC" name="Unitexcel" time="0.000">
    <skipped/>
  </testcase> <!-- Unitexcel -->
  <testcase classname="sequential.UnitTC" name="UnitAdd" time="0.000">
    <skipped/>
  </testcase> <!-- UnitAdd -->
  <testcase classname="sequential.UnitTC" name="SearchUnit" time="0.001">
    <skipped/>
  </testcase> <!-- SearchUnit -->
  <testcase classname="sequential.UnitTC" name="deleteunit" time="0.000">
    <skipped/>
  </testcase> <!-- deleteunit -->
</testsuite> <!-- sequential.UnitTC -->
